
 /----------------------------------------------------------------------------\
 |  yosys -- Yosys Open SYnthesis Suite                                       |
 |  Copyright (C) 2012 - 2025  Claire Xenia Wolf <claire@yosyshq.com>         |
 |  Distributed under an ISC-like license, type "license" to see terms        |
 \----------------------------------------------------------------------------/
 Yosys 0.51+46 (git sha1 8bde6ac17, clang++ 18.1.8 -fPIC -O3)

-- Running command `verilog_defaults -add -I./' --

-- Running command `read_verilog -sv top.sv motor_drv.sv control.sv servo_pdm.sv ir_decoder_fix.v uart_sender.sv' --

1. Executing Verilog-2005 frontend: top.sv
Parsing SystemVerilog input from `top.sv' to AST representation.
Generating RTLIL representation for module `\top'.
Successfully finished Verilog frontend.

2. Executing Verilog-2005 frontend: motor_drv.sv
Parsing SystemVerilog input from `motor_drv.sv' to AST representation.
Generating RTLIL representation for module `\motor_drv'.
Successfully finished Verilog frontend.

3. Executing Verilog-2005 frontend: control.sv
Parsing SystemVerilog input from `control.sv' to AST representation.
Generating RTLIL representation for module `\control'.
Successfully finished Verilog frontend.

4. Executing Verilog-2005 frontend: servo_pdm.sv
Parsing SystemVerilog input from `servo_pdm.sv' to AST representation.
Generating RTLIL representation for module `\servo_pdm'.
Successfully finished Verilog frontend.

5. Executing Verilog-2005 frontend: ir_decoder_fix.v
Parsing SystemVerilog input from `ir_decoder_fix.v' to AST representation.
Generating RTLIL representation for module `\ir_decoder_fix'.
Successfully finished Verilog frontend.

6. Executing Verilog-2005 frontend: uart_sender.sv
Parsing SystemVerilog input from `uart_sender.sv' to AST representation.
Generating RTLIL representation for module `\uart_sender'.
Successfully finished Verilog frontend.

-- Running command `synth_ecp5 -json cart.json -top top' --

7. Executing SYNTH_ECP5 pass.

7.1. Executing Verilog-2005 frontend: /home/aquatic72/Applications/oss-cad-suite-linux-x64-20250322/oss-cad-suite/lib/../share/yosys/ecp5/cells_sim.v
Parsing Verilog input from `/home/aquatic72/Applications/oss-cad-suite-linux-x64-20250322/oss-cad-suite/lib/../share/yosys/ecp5/cells_sim.v' to AST representation.
Generating RTLIL representation for module `\LUT4'.
Generating RTLIL representation for module `\$__ABC9_LUT5'.
Generating RTLIL representation for module `\$__ABC9_LUT6'.
Generating RTLIL representation for module `\$__ABC9_LUT7'.
Generating RTLIL representation for module `\L6MUX21'.
Generating RTLIL representation for module `\CCU2C'.
Generating RTLIL representation for module `\TRELLIS_RAM16X2'.
Generating RTLIL representation for module `\PFUMX'.
Generating RTLIL representation for module `\TRELLIS_DPR16X4'.
Generating RTLIL representation for module `\DPR16X4C'.
Generating RTLIL representation for module `\LUT2'.
Generating RTLIL representation for module `\TRELLIS_FF'.
Generating RTLIL representation for module `\TRELLIS_IO'.
Generating RTLIL representation for module `\INV'.
Generating RTLIL representation for module `\TRELLIS_COMB'.
Generating RTLIL representation for module `\DP16KD'.
Generating RTLIL representation for module `\FD1P3AX'.
Generating RTLIL representation for module `\FD1P3AY'.
Generating RTLIL representation for module `\FD1P3BX'.
Generating RTLIL representation for module `\FD1P3DX'.
Generating RTLIL representation for module `\FD1P3IX'.
Generating RTLIL representation for module `\FD1P3JX'.
Generating RTLIL representation for module `\FD1S3AX'.
Generating RTLIL representation for module `\FD1S3AY'.
Generating RTLIL representation for module `\FD1S3BX'.
Generating RTLIL representation for module `\FD1S3DX'.
Generating RTLIL representation for module `\FD1S3IX'.
Generating RTLIL representation for module `\FD1S3JX'.
Generating RTLIL representation for module `\IFS1P3BX'.
Generating RTLIL representation for module `\IFS1P3DX'.
Generating RTLIL representation for module `\IFS1P3IX'.
Generating RTLIL representation for module `\IFS1P3JX'.
Generating RTLIL representation for module `\OFS1P3BX'.
Generating RTLIL representation for module `\OFS1P3DX'.
Generating RTLIL representation for module `\OFS1P3IX'.
Generating RTLIL representation for module `\OFS1P3JX'.
Generating RTLIL representation for module `\IB'.
Generating RTLIL representation for module `\IBPU'.
Generating RTLIL representation for module `\IBPD'.
Generating RTLIL representation for module `\OB'.
Generating RTLIL representation for module `\OBZ'.
Generating RTLIL representation for module `\OBZPU'.
Generating RTLIL representation for module `\OBZPD'.
Generating RTLIL representation for module `\OBCO'.
Generating RTLIL representation for module `\BB'.
Generating RTLIL representation for module `\BBPU'.
Generating RTLIL representation for module `\BBPD'.
Generating RTLIL representation for module `\ILVDS'.
Generating RTLIL representation for module `\OLVDS'.
Successfully finished Verilog frontend.

7.2. Executing Verilog-2005 frontend: /home/aquatic72/Applications/oss-cad-suite-linux-x64-20250322/oss-cad-suite/lib/../share/yosys/ecp5/cells_bb.v
Parsing Verilog input from `/home/aquatic72/Applications/oss-cad-suite-linux-x64-20250322/oss-cad-suite/lib/../share/yosys/ecp5/cells_bb.v' to AST representation.
Generating RTLIL representation for module `\MULT18X18D'.
Generating RTLIL representation for module `\ALU54B'.
Generating RTLIL representation for module `\EHXPLLL'.
Generating RTLIL representation for module `\DTR'.
Generating RTLIL representation for module `\OSCG'.
Generating RTLIL representation for module `\USRMCLK'.
Generating RTLIL representation for module `\JTAGG'.
Generating RTLIL representation for module `\DELAYF'.
Generating RTLIL representation for module `\DELAYG'.
Generating RTLIL representation for module `\IDDRX1F'.
Generating RTLIL representation for module `\IDDRX2F'.
Generating RTLIL representation for module `\IDDR71B'.
Generating RTLIL representation for module `\IDDRX2DQA'.
Generating RTLIL representation for module `\ODDRX1F'.
Generating RTLIL representation for module `\ODDRX2F'.
Generating RTLIL representation for module `\ODDR71B'.
Generating RTLIL representation for module `\OSHX2A'.
Generating RTLIL representation for module `\ODDRX2DQA'.
Generating RTLIL representation for module `\ODDRX2DQSB'.
Generating RTLIL representation for module `\TSHX2DQA'.
Generating RTLIL representation for module `\TSHX2DQSA'.
Generating RTLIL representation for module `\DQSBUFM'.
Generating RTLIL representation for module `\DDRDLLA'.
Generating RTLIL representation for module `\DLLDELD'.
Generating RTLIL representation for module `\CLKDIVF'.
Generating RTLIL representation for module `\ECLKSYNCB'.
Generating RTLIL representation for module `\ECLKBRIDGECS'.
Generating RTLIL representation for module `\DCCA'.
Generating RTLIL representation for module `\DCSC'.
Generating RTLIL representation for module `\DCUA'.
Generating RTLIL representation for module `\EXTREFB'.
Generating RTLIL representation for module `\PCSCLKDIV'.
Generating RTLIL representation for module `\PUR'.
Generating RTLIL representation for module `\GSR'.
Generating RTLIL representation for module `\SGSR'.
Generating RTLIL representation for module `\PDPW16KD'.
Successfully finished Verilog frontend.

7.3. Executing HIERARCHY pass (managing design hierarchy).

7.3.1. Analyzing design hierarchy..
Top module:  \top
Used module:     \uart_sender
Used module:     \ir_decoder_fix
Used module:     \servo_pdm
Used module:     \motor_drv
Used module:     \control
Parameter \clk_hz = 25000000
Parameter \cyc_hz = 50

7.3.2. Executing AST frontend in derive mode using pre-parsed AST for module `\servo_pdm'.
Parameter \clk_hz = 25000000
Parameter \cyc_hz = 50
Generating RTLIL representation for module `$paramod$cc5cfa50089fcf584c032a5c3f3768aa1a1f6e95\servo_pdm'.
Parameter \clk_hz = 25000000
Parameter \pwm_hz = 250

7.3.3. Executing AST frontend in derive mode using pre-parsed AST for module `\motor_drv'.
Parameter \clk_hz = 25000000
Parameter \pwm_hz = 250
Generating RTLIL representation for module `$paramod$09b1f11fef2c7b1a8b7cc9f7386544e7bf55dc2f\motor_drv'.
Parameter \clk_hz = 25000000
Parameter \sclk_hz = 256

7.3.4. Executing AST frontend in derive mode using pre-parsed AST for module `\control'.
Parameter \clk_hz = 25000000
Parameter \sclk_hz = 256
Generating RTLIL representation for module `$paramod$dadf92117a5cb6ec6253a85ed864e3cfa47c2067\control'.
ERROR: Module `\uart_tx' referenced in module `\uart_sender' in cell `\uart' is not part of the design.
